<?xml version="1.0" encoding="UTF-8"?>
<testsuites name="jest tests" tests="8" failures="0" errors="0" time="3.974">
  <testsuite name="jwtClient" errors="0" failures="0" skipped="0" timestamp="2022-11-08T19:40:24" time="3.876" tests="8">
    <testcase classname="jwtClient jwksMock should not get access without correct token" name="jwtClient jwksMock should not get access without correct token" time="0.124">
    </testcase>
    <testcase classname="jwtClient jwksMock should get access with mock token when jwksMock is running" name="jwtClient jwksMock should get access with mock token when jwksMock is running" time="0.105">
    </testcase>
    <testcase classname="jwtClient token verify should verify and decode token with valid audience and issuer" name="jwtClient token verify should verify and decode token with valid audience and issuer" time="0.054">
    </testcase>
    <testcase classname="jwtClient token verify should verify and decode token with valid audience and issuer" name="jwtClient token verify should verify and decode token with valid audience and issuer" time="0.058">
    </testcase>
    <testcase classname="jwtClient token verify should throw an error if token is expired" name="jwtClient token verify should throw an error if token is expired" time="0.069">
    </testcase>
    <testcase classname="jwtClient token verify should throw an error if token audience is incorrect" name="jwtClient token verify should throw an error if token audience is incorrect" time="0.049">
    </testcase>
    <testcase classname="jwtClient token verify should throw an error if token issuer isn not valid" name="jwtClient token verify should throw an error if token issuer isn not valid" time="0.049">
    </testcase>
    <testcase classname="jwtClient token signature should throw an error if token signature is invalid" name="jwtClient token signature should throw an error if token signature is invalid" time="0.047">
    </testcase>
  </testsuite>
</testsuites>